<?xml version="1.0" encoding="UTF-8"?>
<!-- Generated by org.testng.reporters.JUnitXMLReporter -->
<testsuite hostname="DESKTOP-077G3EM" ignored="0" name="GCASH" tests="10" failures="1" timestamp="2022-09-19T19:38:20 IST" time="690.082" errors="0">
  <testcase name="Allowpopup" time="9.337" classname="com.GCash_GGivesScripts.GCASHScripts"/>
  <testcase name="Login" time="118.414" classname="com.GCash_GGivesScripts.GCASHScripts"/>
  <testcase name="gGivesHomePage" time="73.355" classname="com.GCash_GGivesScripts.GCASHScripts"/>
  <testcase name="gGivesViewPage" time="3.421" classname="com.GCash_GGivesScripts.GCASHScripts"/>
  <testcase name="gGivesDashboardPage" time="138.852" classname="com.GCash_GGivesScripts.GCASHScripts"/>
  <testcase name="gGivesDuesPage" time="0.707" classname="com.GCash_GGivesScripts.GCASHScripts"/>
  <testcase name="gGivesPaymentPage" time="3.847" classname="com.GCash_GGivesScripts.GCASHScripts"/>
  <testcase name="gCashLogoutPage" time="5.32" classname="com.GCash_GGivesScripts.GCASHScripts"/>
  <testcase name="gSaveLoginPage" time="90.828" classname="com.GCash_GGivesScripts.GCASHScripts"/>
  <testcase name="gSaveTransactionPage" time="110.586" classname="com.GCash_GGivesScripts.GCASHScripts">
    <failure type="org.openqa.selenium.TimeoutException" message="Expected condition failed: waiting for presence of element located by: By.xpath: //android.widget.TextView[@text=&amp;apos;My Savings Account&amp;apos;] (tried for 30 second(s) with 500 milliseconds interval)">
      <![CDATA[org.openqa.selenium.TimeoutException: Expected condition failed: waiting for presence of element located by: By.xpath: //android.widget.TextView[@text='My Savings Account'] (tried for 30 second(s) with 500 milliseconds interval)
at org.openqa.selenium.support.ui.WebDriverWait.timeoutException(WebDriverWait.java:95)
at org.openqa.selenium.support.ui.FluentWait.until(FluentWait.java:272)
at com.utility.Utilities.findElement(Utilities.java:161)
at com.utility.Utilities.explicitWaitVisibility(Utilities.java:1470)
at com.business.gCASH.GCASHBusinessLogic.GsaveTransaction(GCASHBusinessLogic.java:677)
at com.GCash_GGivesScripts.GCASHScripts.gSaveTransactionPage(GCASHScripts.java:83)
at java.util.ArrayList.forEach(ArrayList.java:1257)
Caused by: org.openqa.selenium.NoSuchElementException: An element could not be located on the page using the given search parameters.
For documentation on this error, please visit: https://www.seleniumhq.org/exceptions/no_such_element.html
Build info: version: '3.141.59', revision: 'e82be7d358', time: '2018-11-14T08:17:03'
System info: host: 'DESKTOP-077G3EM', ip: '172.31.99.238', os.name: 'Windows 10', os.arch: 'x86', os.version: '10.0', java.version: '1.8.0_202'
Driver info: io.appium.java_client.android.AndroidDriver
Capabilities {appActivity: gcash.module.splashscreen.m..., appPackage: com.globe.gcash.android.uat..., autoAcceptAlerts: true, automationName: uiautomator2, databaseEnabled: false, desired: {appActivity: gcash.module.splashscreen.m..., appPackage: com.globe.gcash.android.uat..., autoAcceptAlerts: true, automationName: uiautomator2, deviceName: Android, fullReset: false, newCommandTimeout: 300, noReset: false, platformName: android}, deviceApiLevel: 30, deviceManufacturer: samsung, deviceModel: SM-A507FN, deviceName: RZ8M90WEFMD, deviceScreenDensity: 420, deviceScreenSize: 1080x2340, deviceUDID: RZ8M90WEFMD, fullReset: false, javascriptEnabled: true, locationContextEnabled: false, networkConnectionEnabled: true, newCommandTimeout: 300, noReset: false, pixelRatio: 2.625, platform: LINUX, platformName: Android, platformVersion: 11, statBarHeight: 83, takesScreenshot: true, viewportRect: {height: 2048, left: 0, top: 83, width: 1080}, warnings: {}, webStorageEnabled: false}
Session ID: 9aa45b57-6a35-497d-bb27-2ebb432a2373
*** Element info: {Using=xpath, value=//android.widget.TextView[@text='My Savings Account']}
at org.openqa.selenium.remote.http.W3CHttpResponseCodec.createException(W3CHttpResponseCodec.java:187)
at org.openqa.selenium.remote.http.W3CHttpResponseCodec.decode(W3CHttpResponseCodec.java:122)
at org.openqa.selenium.remote.http.W3CHttpResponseCodec.decode(W3CHttpResponseCodec.java:49)
at org.openqa.selenium.remote.HttpCommandExecutor.execute(HttpCommandExecutor.java:158)
at io.appium.java_client.remote.AppiumCommandExecutor.execute(AppiumCommandExecutor.java:239)
at org.openqa.selenium.remote.RemoteWebDriver.execute(RemoteWebDriver.java:552)
at io.appium.java_client.DefaultGenericMobileDriver.execute(DefaultGenericMobileDriver.java:41)
at io.appium.java_client.AppiumDriver.execute(AppiumDriver.java:1)
at io.appium.java_client.android.AndroidDriver.execute(AndroidDriver.java:1)
at org.openqa.selenium.remote.RemoteWebDriver.findElement(RemoteWebDriver.java:323)
at io.appium.java_client.DefaultGenericMobileDriver.findElement(DefaultGenericMobileDriver.java:61)
at io.appium.java_client.AppiumDriver.findElement(AppiumDriver.java:1)
at io.appium.java_client.android.AndroidDriver.findElement(AndroidDriver.java:1)
at org.openqa.selenium.remote.RemoteWebDriver.findElementByXPath(RemoteWebDriver.java:428)
at io.appium.java_client.DefaultGenericMobileDriver.findElementByXPath(DefaultGenericMobileDriver.java:151)
at io.appium.java_client.AppiumDriver.findElementByXPath(AppiumDriver.java:1)
at io.appium.java_client.android.AndroidDriver.findElementByXPath(AndroidDriver.java:1)
at org.openqa.selenium.By$ByXPath.findElement(By.java:353)
at org.openqa.selenium.remote.RemoteWebDriver.findElement(RemoteWebDriver.java:315)
at io.appium.java_client.DefaultGenericMobileDriver.findElement(DefaultGenericMobileDriver.java:57)
at io.appium.java_client.AppiumDriver.findElement(AppiumDriver.java:1)
at io.appium.java_client.android.AndroidDriver.findElement(AndroidDriver.java:1)
at org.openqa.selenium.support.ui.ExpectedConditions$6.apply(ExpectedConditions.java:182)
at org.openqa.selenium.support.ui.ExpectedConditions$6.apply(ExpectedConditions.java:179)
at org.openqa.selenium.support.ui.FluentWait.until(FluentWait.java:249)
... 35 more
... Removed 33 stack frames]]>
    </failure>
  </testcase> <!-- gSaveTransactionPage -->
</testsuite> <!-- GCASH -->
