<?xml version="1.0" encoding="UTF-8"?>
<!-- Generated by org.testng.reporters.JUnitXMLReporter -->
<testsuite ignored="0" hostname="DESKTOP-077G3EM" failures="1" tests="10" name="GCASH" time="750.019" errors="0" timestamp="2022-09-19T13:21:21 IST">
  <testcase classname="com.GCash_GGivesScripts.GCASHScripts" name="Allowpopup" time="10.373"/>
  <testcase classname="com.GCash_GGivesScripts.GCASHScripts" name="Login" time="119.464"/>
  <testcase classname="com.GCash_GGivesScripts.GCASHScripts" name="gGivesHomePage" time="71.623"/>
  <testcase classname="com.GCash_GGivesScripts.GCASHScripts" name="gGivesViewPage" time="3.649"/>
  <testcase classname="com.GCash_GGivesScripts.GCASHScripts" name="gGivesDashboardPage" time="138.515"/>
  <testcase classname="com.GCash_GGivesScripts.GCASHScripts" name="gGivesDuesPage" time="0.744"/>
  <testcase classname="com.GCash_GGivesScripts.GCASHScripts" name="gGivesPaymentPage" time="2.827"/>
  <testcase classname="com.GCash_GGivesScripts.GCASHScripts" name="gCashLogoutPage" time="5.592"/>
  <testcase classname="com.GCash_GGivesScripts.GCASHScripts" name="gSaveLoginPage" time="106.771"/>
  <testcase classname="com.GCash_GGivesScripts.GCASHScripts" name="gSaveTransactionPage" time="74.008">
    <failure type="org.openqa.selenium.NoSuchElementException" message="An element could not be located on the page using the given search parameters.
For documentation on this error, please visit: https://www.seleniumhq.org/exceptions/no_such_element.html
Build info: version: &amp;apos;3.141.59&amp;apos;, revision: &amp;apos;e82be7d358&amp;apos;, time: &amp;apos;2018-11-14T08:17:03&amp;apos;
System info: host: &amp;apos;DESKTOP-077G3EM&amp;apos;, ip: &amp;apos;172.31.99.238&amp;apos;, os.name: &amp;apos;Windows 10&amp;apos;, os.arch: &amp;apos;amd64&amp;apos;, os.version: &amp;apos;10.0&amp;apos;, java.version: &amp;apos;18.0.1&amp;apos;
Driver info: io.appium.java_client.android.AndroidDriver
Capabilities {appActivity: gcash.module.splashscreen.m..., appPackage: com.globe.gcash.android.uat..., autoAcceptAlerts: true, automationName: uiautomator2, databaseEnabled: false, desired: {appActivity: gcash.module.splashscreen.m..., appPackage: com.globe.gcash.android.uat..., autoAcceptAlerts: true, automationName: uiautomator2, deviceName: Android, fullReset: false, newCommandTimeout: 300, noReset: false, platformName: android}, deviceApiLevel: 30, deviceManufacturer: samsung, deviceModel: SM-A507FN, deviceName: RZ8M90WEFMD, deviceScreenDensity: 420, deviceScreenSize: 1080x2340, deviceUDID: RZ8M90WEFMD, fullReset: false, javascriptEnabled: true, locationContextEnabled: false, networkConnectionEnabled: true, newCommandTimeout: 300, noReset: false, pixelRatio: 2.625, platform: LINUX, platformName: Android, platformVersion: 11, statBarHeight: 83, takesScreenshot: true, viewportRect: {height: 2048, left: 0, top: 83, width: 1080}, warnings: {}, webStorageEnabled: false}
Session ID: 8c18c968-7290-4400-9016-97a5e31ac49a
*** Element info: {Using=xpath, value=//*[@text=&amp;apos;Open a savings account with our partners.&amp;apos;]}">
      <![CDATA[org.openqa.selenium.NoSuchElementException: An element could not be located on the page using the given search parameters.
For documentation on this error, please visit: https://www.seleniumhq.org/exceptions/no_such_element.html
Build info: version: '3.141.59', revision: 'e82be7d358', time: '2018-11-14T08:17:03'
System info: host: 'DESKTOP-077G3EM', ip: '172.31.99.238', os.name: 'Windows 10', os.arch: 'amd64', os.version: '10.0', java.version: '18.0.1'
Driver info: io.appium.java_client.android.AndroidDriver
Capabilities {appActivity: gcash.module.splashscreen.m..., appPackage: com.globe.gcash.android.uat..., autoAcceptAlerts: true, automationName: uiautomator2, databaseEnabled: false, desired: {appActivity: gcash.module.splashscreen.m..., appPackage: com.globe.gcash.android.uat..., autoAcceptAlerts: true, automationName: uiautomator2, deviceName: Android, fullReset: false, newCommandTimeout: 300, noReset: false, platformName: android}, deviceApiLevel: 30, deviceManufacturer: samsung, deviceModel: SM-A507FN, deviceName: RZ8M90WEFMD, deviceScreenDensity: 420, deviceScreenSize: 1080x2340, deviceUDID: RZ8M90WEFMD, fullReset: false, javascriptEnabled: true, locationContextEnabled: false, networkConnectionEnabled: true, newCommandTimeout: 300, noReset: false, pixelRatio: 2.625, platform: LINUX, platformName: Android, platformVersion: 11, statBarHeight: 83, takesScreenshot: true, viewportRect: {height: 2048, left: 0, top: 83, width: 1080}, warnings: {}, webStorageEnabled: false}
Session ID: 8c18c968-7290-4400-9016-97a5e31ac49a
*** Element info: {Using=xpath, value=//*[@text='Open a savings account with our partners.']}
at org.openqa.selenium.remote.http.W3CHttpResponseCodec.createException(W3CHttpResponseCodec.java:187)
at org.openqa.selenium.remote.http.W3CHttpResponseCodec.decode(W3CHttpResponseCodec.java:122)
at org.openqa.selenium.remote.http.W3CHttpResponseCodec.decode(W3CHttpResponseCodec.java:49)
at org.openqa.selenium.remote.HttpCommandExecutor.execute(HttpCommandExecutor.java:158)
at io.appium.java_client.remote.AppiumCommandExecutor.execute(AppiumCommandExecutor.java:239)
at org.openqa.selenium.remote.RemoteWebDriver.execute(RemoteWebDriver.java:552)
at io.appium.java_client.DefaultGenericMobileDriver.execute(DefaultGenericMobileDriver.java:41)
at io.appium.java_client.AppiumDriver.execute(AppiumDriver.java:1)
at io.appium.java_client.android.AndroidDriver.execute(AndroidDriver.java:1)
at org.openqa.selenium.remote.RemoteWebDriver.findElement(RemoteWebDriver.java:323)
at io.appium.java_client.DefaultGenericMobileDriver.findElement(DefaultGenericMobileDriver.java:61)
at io.appium.java_client.AppiumDriver.findElement(AppiumDriver.java:1)
at io.appium.java_client.android.AndroidDriver.findElement(AndroidDriver.java:1)
at org.openqa.selenium.remote.RemoteWebDriver.findElementByXPath(RemoteWebDriver.java:428)
at io.appium.java_client.DefaultGenericMobileDriver.findElementByXPath(DefaultGenericMobileDriver.java:151)
at io.appium.java_client.AppiumDriver.findElementByXPath(AppiumDriver.java:1)
at io.appium.java_client.android.AndroidDriver.findElementByXPath(AndroidDriver.java:1)
at org.openqa.selenium.By$ByXPath.findElement(By.java:353)
at org.openqa.selenium.remote.RemoteWebDriver.findElement(RemoteWebDriver.java:315)
at io.appium.java_client.DefaultGenericMobileDriver.findElement(DefaultGenericMobileDriver.java:57)
at io.appium.java_client.AppiumDriver.findElement(AppiumDriver.java:1)
at io.appium.java_client.android.AndroidDriver.findElement(AndroidDriver.java:1)
at com.utility.Utilities.tapOnFirstSuggestion(Utilities.java:2342)
at com.utility.Utilities.suggestionTapMidScreen(Utilities.java:2363)
at com.business.gCASH.GCASHBusinessLogic.GsaveTransaction(GCASHBusinessLogic.java:668)
at com.GCash_GGivesScripts.GCASHScripts.gSaveTransactionPage(GCASHScripts.java:83)
at java.base/java.util.ArrayList.forEach(ArrayList.java:1511)
... Removed 28 stack frames]]>
    </failure>
  </testcase> <!-- gSaveTransactionPage -->
</testsuite> <!-- GCASH -->
