<?xml version="1.0" encoding="UTF-8"?>
<testng-results skipped="0" failed="1" ignored="0" total="10" passed="9">
  <reporter-output>
  </reporter-output>
  <suite name="Android" duration-ms="690082" started-at="2022-09-19T19:26:50 IST" finished-at="2022-09-19T19:38:20 IST">
    <groups>
    </groups>
    <test name="GCASH" duration-ms="690082" started-at="2022-09-19T19:26:50 IST" finished-at="2022-09-19T19:38:20 IST">
      <class name="com.GCash_GGivesScripts.GCASHScripts">
        <test-method status="PASS" signature="Before()[pri:0, instance:com.GCash_GGivesScripts.GCASHScripts@638011]" name="Before" is-config="true" duration-ms="20290" started-at="2022-09-19T19:27:00 IST" finished-at="2022-09-19T19:27:20 IST">
          <reporter-output>
          </reporter-output>
        </test-method> <!-- Before -->
        <test-method status="PASS" signature="Allowpopup(java.lang.String)[pri:0, instance:com.GCash_GGivesScripts.GCASHScripts@638011]" name="Allowpopup" duration-ms="9337" started-at="2022-09-19T19:27:20 IST" finished-at="2022-09-19T19:27:29 IST">
          <params>
            <param index="0">
              <value>
                <![CDATA[SenderUser]]>
              </value>
            </param>
          </params>
          <reporter-output>
          </reporter-output>
        </test-method> <!-- Allowpopup -->
        <test-method status="PASS" signature="Login(java.lang.String, java.lang.String, java.lang.String, java.lang.String)[pri:1, instance:com.GCash_GGivesScripts.GCASHScripts@638011]" name="Login" duration-ms="118414" started-at="2022-09-19T19:27:38 IST" finished-at="2022-09-19T19:29:36 IST">
          <params>
            <param index="0">
              <value>
                <![CDATA[9999999999]]>
              </value>
            </param>
            <param index="1">
              <value>
                <![CDATA[9664087954]]>
              </value>
            </param>
            <param index="2">
              <value>
                <![CDATA[000000]]>
              </value>
            </param>
            <param index="3">
              <value>
                <![CDATA[000001]]>
              </value>
            </param>
          </params>
          <reporter-output>
          </reporter-output>
        </test-method> <!-- Login -->
        <test-method status="PASS" signature="gGivesHomePage(java.lang.String)[pri:2, instance:com.GCash_GGivesScripts.GCASHScripts@638011]" name="gGivesHomePage" duration-ms="73355" started-at="2022-09-19T19:29:43 IST" finished-at="2022-09-19T19:30:56 IST">
          <params>
            <param index="0">
              <value>
                <![CDATA[SenderUser]]>
              </value>
            </param>
          </params>
          <reporter-output>
          </reporter-output>
        </test-method> <!-- gGivesHomePage -->
        <test-method status="PASS" signature="gGivesViewPage()[pri:3, instance:com.GCash_GGivesScripts.GCASHScripts@638011]" name="gGivesViewPage" duration-ms="3421" started-at="2022-09-19T19:31:03 IST" finished-at="2022-09-19T19:31:07 IST">
          <reporter-output>
          </reporter-output>
        </test-method> <!-- gGivesViewPage -->
        <test-method status="PASS" signature="gGivesDashboardPage(java.lang.String)[pri:4, instance:com.GCash_GGivesScripts.GCASHScripts@638011]" name="gGivesDashboardPage" duration-ms="138852" started-at="2022-09-19T19:31:16 IST" finished-at="2022-09-19T19:33:35 IST">
          <params>
            <param index="0">
              <value>
                <![CDATA[1.00]]>
              </value>
            </param>
          </params>
          <reporter-output>
          </reporter-output>
        </test-method> <!-- gGivesDashboardPage -->
        <test-method status="PASS" signature="gGivesDuesPage()[pri:5, instance:com.GCash_GGivesScripts.GCASHScripts@638011]" name="gGivesDuesPage" duration-ms="707" started-at="2022-09-19T19:33:46 IST" finished-at="2022-09-19T19:33:46 IST">
          <reporter-output>
          </reporter-output>
        </test-method> <!-- gGivesDuesPage -->
        <test-method status="PASS" signature="gGivesPaymentPage()[pri:6, instance:com.GCash_GGivesScripts.GCASHScripts@638011]" name="gGivesPaymentPage" duration-ms="3847" started-at="2022-09-19T19:33:56 IST" finished-at="2022-09-19T19:33:59 IST">
          <reporter-output>
          </reporter-output>
        </test-method> <!-- gGivesPaymentPage -->
        <test-method status="PASS" signature="gCashLogoutPage()[pri:7, instance:com.GCash_GGivesScripts.GCASHScripts@638011]" name="gCashLogoutPage" duration-ms="5320" started-at="2022-09-19T19:34:08 IST" finished-at="2022-09-19T19:34:13 IST">
          <reporter-output>
          </reporter-output>
        </test-method> <!-- gCashLogoutPage -->
        <test-method status="PASS" signature="gSaveLoginPage(java.lang.String, java.lang.String)[pri:8, instance:com.GCash_GGivesScripts.GCASHScripts@638011]" name="gSaveLoginPage" duration-ms="90828" started-at="2022-09-19T19:34:23 IST" finished-at="2022-09-19T19:35:54 IST">
          <params>
            <param index="0">
              <value>
                <![CDATA[9010000143]]>
              </value>
            </param>
            <param index="1">
              <value>
                <![CDATA[000000]]>
              </value>
            </param>
          </params>
          <reporter-output>
          </reporter-output>
        </test-method> <!-- gSaveLoginPage -->
        <test-method status="FAIL" signature="gSaveTransactionPage(java.lang.String)[pri:9, instance:com.GCash_GGivesScripts.GCASHScripts@638011]" name="gSaveTransactionPage" duration-ms="110586" started-at="2022-09-19T19:36:02 IST" finished-at="2022-09-19T19:37:52 IST">
          <params>
            <param index="0">
              <value>
                <![CDATA[1.00]]>
              </value>
            </param>
          </params>
          <exception class="org.openqa.selenium.TimeoutException">
            <message>
              <![CDATA[Expected condition failed: waiting for presence of element located by: By.xpath: //android.widget.TextView[@text='My Savings Account'] (tried for 30 second(s) with 500 milliseconds interval)]]>
            </message>
            <full-stacktrace>
              <![CDATA[org.openqa.selenium.TimeoutException: Expected condition failed: waiting for presence of element located by: By.xpath: //android.widget.TextView[@text='My Savings Account'] (tried for 30 second(s) with 500 milliseconds interval)
at org.openqa.selenium.support.ui.WebDriverWait.timeoutException(WebDriverWait.java:95)
at org.openqa.selenium.support.ui.FluentWait.until(FluentWait.java:272)
at com.utility.Utilities.findElement(Utilities.java:161)
at com.utility.Utilities.explicitWaitVisibility(Utilities.java:1470)
at com.business.gCASH.GCASHBusinessLogic.GsaveTransaction(GCASHBusinessLogic.java:677)
at com.GCash_GGivesScripts.GCASHScripts.gSaveTransactionPage(GCASHScripts.java:83)
at sun.reflect.NativeMethodAccessorImpl.invoke0(Native Method)
at sun.reflect.NativeMethodAccessorImpl.invoke(NativeMethodAccessorImpl.java:62)
at sun.reflect.DelegatingMethodAccessorImpl.invoke(DelegatingMethodAccessorImpl.java:43)
at java.lang.reflect.Method.invoke(Method.java:498)
at org.testng.internal.MethodInvocationHelper.invokeMethod(MethodInvocationHelper.java:134)
at org.testng.internal.TestInvoker.invokeMethod(TestInvoker.java:597)
at org.testng.internal.TestInvoker.invokeTestMethod(TestInvoker.java:173)
at org.testng.internal.MethodRunner.runInSequence(MethodRunner.java:46)
at org.testng.internal.TestInvoker$MethodInvocationAgent.invoke(TestInvoker.java:816)
at org.testng.internal.TestInvoker.invokeTestMethods(TestInvoker.java:146)
at org.testng.internal.TestMethodWorker.invokeTestMethods(TestMethodWorker.java:146)
at org.testng.internal.TestMethodWorker.run(TestMethodWorker.java:128)
at java.util.ArrayList.forEach(ArrayList.java:1257)
at org.testng.TestRunner.privateRun(TestRunner.java:766)
at org.testng.TestRunner.run(TestRunner.java:587)
at org.testng.SuiteRunner.runTest(SuiteRunner.java:384)
at org.testng.SuiteRunner.runSequentially(SuiteRunner.java:378)
at org.testng.SuiteRunner.privateRun(SuiteRunner.java:337)
at org.testng.SuiteRunner.run(SuiteRunner.java:286)
at org.testng.SuiteRunnerWorker.runSuite(SuiteRunnerWorker.java:53)
at org.testng.SuiteRunnerWorker.run(SuiteRunnerWorker.java:96)
at org.testng.TestNG.runSuitesSequentially(TestNG.java:1187)
at org.testng.TestNG.runSuitesLocally(TestNG.java:1109)
at org.testng.TestNG.runSuites(TestNG.java:1039)
at org.testng.TestNG.run(TestNG.java:1007)
at org.apache.maven.surefire.testng.TestNGExecutor.run(TestNGExecutor.java:283)
at org.apache.maven.surefire.testng.TestNGXmlTestSuite.execute(TestNGXmlTestSuite.java:75)
at org.apache.maven.surefire.testng.TestNGProvider.invoke(TestNGProvider.java:120)
at org.apache.maven.surefire.booter.ForkedBooter.invokeProviderInSameClassLoader(ForkedBooter.java:386)
at org.apache.maven.surefire.booter.ForkedBooter.runSuitesInProcess(ForkedBooter.java:323)
at org.apache.maven.surefire.booter.ForkedBooter.main(ForkedBooter.java:143)
Caused by: org.openqa.selenium.NoSuchElementException: An element could not be located on the page using the given search parameters.
For documentation on this error, please visit: https://www.seleniumhq.org/exceptions/no_such_element.html
Build info: version: '3.141.59', revision: 'e82be7d358', time: '2018-11-14T08:17:03'
System info: host: 'DESKTOP-077G3EM', ip: '172.31.99.238', os.name: 'Windows 10', os.arch: 'x86', os.version: '10.0', java.version: '1.8.0_202'
Driver info: io.appium.java_client.android.AndroidDriver
Capabilities {appActivity: gcash.module.splashscreen.m..., appPackage: com.globe.gcash.android.uat..., autoAcceptAlerts: true, automationName: uiautomator2, databaseEnabled: false, desired: {appActivity: gcash.module.splashscreen.m..., appPackage: com.globe.gcash.android.uat..., autoAcceptAlerts: true, automationName: uiautomator2, deviceName: Android, fullReset: false, newCommandTimeout: 300, noReset: false, platformName: android}, deviceApiLevel: 30, deviceManufacturer: samsung, deviceModel: SM-A507FN, deviceName: RZ8M90WEFMD, deviceScreenDensity: 420, deviceScreenSize: 1080x2340, deviceUDID: RZ8M90WEFMD, fullReset: false, javascriptEnabled: true, locationContextEnabled: false, networkConnectionEnabled: true, newCommandTimeout: 300, noReset: false, pixelRatio: 2.625, platform: LINUX, platformName: Android, platformVersion: 11, statBarHeight: 83, takesScreenshot: true, viewportRect: {height: 2048, left: 0, top: 83, width: 1080}, warnings: {}, webStorageEnabled: false}
Session ID: 9aa45b57-6a35-497d-bb27-2ebb432a2373
*** Element info: {Using=xpath, value=//android.widget.TextView[@text='My Savings Account']}
at sun.reflect.GeneratedConstructorAccessor72.newInstance(Unknown Source)
at sun.reflect.DelegatingConstructorAccessorImpl.newInstance(DelegatingConstructorAccessorImpl.java:45)
at java.lang.reflect.Constructor.newInstance(Constructor.java:423)
at org.openqa.selenium.remote.http.W3CHttpResponseCodec.createException(W3CHttpResponseCodec.java:187)
at org.openqa.selenium.remote.http.W3CHttpResponseCodec.decode(W3CHttpResponseCodec.java:122)
at org.openqa.selenium.remote.http.W3CHttpResponseCodec.decode(W3CHttpResponseCodec.java:49)
at org.openqa.selenium.remote.HttpCommandExecutor.execute(HttpCommandExecutor.java:158)
at io.appium.java_client.remote.AppiumCommandExecutor.execute(AppiumCommandExecutor.java:239)
at org.openqa.selenium.remote.RemoteWebDriver.execute(RemoteWebDriver.java:552)
at io.appium.java_client.DefaultGenericMobileDriver.execute(DefaultGenericMobileDriver.java:41)
at io.appium.java_client.AppiumDriver.execute(AppiumDriver.java:1)
at io.appium.java_client.android.AndroidDriver.execute(AndroidDriver.java:1)
at org.openqa.selenium.remote.RemoteWebDriver.findElement(RemoteWebDriver.java:323)
at io.appium.java_client.DefaultGenericMobileDriver.findElement(DefaultGenericMobileDriver.java:61)
at io.appium.java_client.AppiumDriver.findElement(AppiumDriver.java:1)
at io.appium.java_client.android.AndroidDriver.findElement(AndroidDriver.java:1)
at org.openqa.selenium.remote.RemoteWebDriver.findElementByXPath(RemoteWebDriver.java:428)
at io.appium.java_client.DefaultGenericMobileDriver.findElementByXPath(DefaultGenericMobileDriver.java:151)
at io.appium.java_client.AppiumDriver.findElementByXPath(AppiumDriver.java:1)
at io.appium.java_client.android.AndroidDriver.findElementByXPath(AndroidDriver.java:1)
at org.openqa.selenium.By$ByXPath.findElement(By.java:353)
at org.openqa.selenium.remote.RemoteWebDriver.findElement(RemoteWebDriver.java:315)
at io.appium.java_client.DefaultGenericMobileDriver.findElement(DefaultGenericMobileDriver.java:57)
at io.appium.java_client.AppiumDriver.findElement(AppiumDriver.java:1)
at io.appium.java_client.android.AndroidDriver.findElement(AndroidDriver.java:1)
at org.openqa.selenium.support.ui.ExpectedConditions$6.apply(ExpectedConditions.java:182)
at org.openqa.selenium.support.ui.ExpectedConditions$6.apply(ExpectedConditions.java:179)
at org.openqa.selenium.support.ui.FluentWait.until(FluentWait.java:249)
... 35 more
]]>
            </full-stacktrace>
          </exception> <!-- org.openqa.selenium.TimeoutException -->
          <reporter-output>
          </reporter-output>
        </test-method> <!-- gSaveTransactionPage -->
        <test-method status="PASS" signature="After()[pri:0, instance:com.GCash_GGivesScripts.GCASHScripts@638011]" name="After" is-config="true" duration-ms="573" started-at="2022-09-19T19:38:19 IST" finished-at="2022-09-19T19:38:20 IST">
          <reporter-output>
          </reporter-output>
        </test-method> <!-- After -->
      </class> <!-- com.GCash_GGivesScripts.GCASHScripts -->
    </test> <!-- GCASH -->
  </suite> <!-- Android -->
</testng-results>
